<?xml version="1.0" encoding="UTF-8" ?>
<testsuite tests="31" failures="0" name="mx.unam.ciencias.edd.test.TestLista" time="0.173" errors="0" skipped="0">
  <properties>
    <property name="java.runtime.name" value="OpenJDK Runtime Environment"/>
    <property name="java.vm.version" value="10.0.2+13-Ubuntu-1ubuntu0.18.04.4"/>
    <property name="sun.boot.library.path" value="/usr/lib/jvm/java-11-openjdk-amd64/lib"/>
    <property name="maven.multiModuleProjectDirectory" value="/home/ul/Desktop/practica6"/>
    <property name="java.vm.vendor" value="Oracle Corporation"/>
    <property name="java.vendor.url" value="http://java.oracle.com/"/>
    <property name="guice.disable.misplaced.annotation.check" value="true"/>
    <property name="path.separator" value=":"/>
    <property name="java.vm.name" value="OpenJDK 64-Bit Server VM"/>
    <property name="file.encoding.pkg" value="sun.io"/>
    <property name="sun.os.patch.level" value="unknown"/>
    <property name="user.country" value="US"/>
    <property name="sun.java.launcher" value="SUN_STANDARD"/>
    <property name="java.vm.specification.name" value="Java Virtual Machine Specification"/>
    <property name="user.dir" value="/home/ul/Desktop/practica6"/>
    <property name="java.vm.compressedOopsMode" value="32-bit"/>
    <property name="java.runtime.version" value="10.0.2+13-Ubuntu-1ubuntu0.18.04.4"/>
    <property name="java.awt.graphicsenv" value="sun.awt.X11GraphicsEnvironment"/>
    <property name="os.arch" value="amd64"/>
    <property name="java.io.tmpdir" value="/tmp"/>
    <property name="line.separator" value="
"/>
    <property name="java.vm.specification.vendor" value="Oracle Corporation"/>
    <property name="os.name" value="Linux"/>
    <property name="classworlds.conf" value="/usr/share/maven/bin/m2.conf"/>
    <property name="sun.jnu.encoding" value="UTF-8"/>
    <property name="java.library.path" value="/usr/java/packages/lib:/usr/lib/x86_64-linux-gnu/jni:/lib/x86_64-linux-gnu:/usr/lib/x86_64-linux-gnu:/usr/lib/jni:/lib:/usr/lib"/>
    <property name="maven.conf" value="/usr/share/maven/conf"/>
    <property name="jdk.debug" value="release"/>
    <property name="java.class.version" value="54.0"/>
    <property name="java.specification.name" value="Java Platform API Specification"/>
    <property name="sun.management.compiler" value="HotSpot 64-Bit Tiered Compilers"/>
    <property name="os.version" value="4.18.0-16-generic"/>
    <property name="library.jansi.path" value="/usr/share/maven/lib/jansi-native"/>
    <property name="user.home" value="/home/ul"/>
    <property name="user.timezone" value="America/New_York"/>
    <property name="java.awt.printerjob" value="sun.print.PSPrinterJob"/>
    <property name="file.encoding" value="UTF-8"/>
    <property name="java.specification.version" value="10"/>
    <property name="user.name" value="ul"/>
    <property name="java.class.path" value="/usr/share/maven/boot/plexus-classworlds-2.x.jar"/>
    <property name="java.vm.specification.version" value="10"/>
    <property name="sun.arch.data.model" value="64"/>
    <property name="sun.java.command" value="org.codehaus.plexus.classworlds.launcher.Launcher test"/>
    <property name="java.home" value="/usr/lib/jvm/java-11-openjdk-amd64"/>
    <property name="user.language" value="en"/>
    <property name="java.specification.vendor" value="Oracle Corporation"/>
    <property name="awt.toolkit" value="sun.awt.X11.XToolkit"/>
    <property name="java.vm.info" value="mixed mode"/>
    <property name="java.version" value="10.0.2"/>
    <property name="securerandom.source" value="file:/dev/./urandom"/>
    <property name="java.vendor" value="Oracle Corporation"/>
    <property name="maven.home" value="/usr/share/maven"/>
    <property name="file.separator" value="/"/>
    <property name="java.version.date" value="2018-07-17"/>
    <property name="java.vendor.url.bug" value="http://bugreport.java.com/bugreport/"/>
    <property name="sun.io.unicode.encoding" value="UnicodeLittle"/>
    <property name="sun.cpu.endian" value="little"/>
    <property name="sun.cpu.isalist" value=""/>
  </properties>
  <testcase classname="mx.unam.ciencias.edd.test.TestLista" name="testAgregaFinal" time="0.005"/>
  <testcase classname="mx.unam.ciencias.edd.test.TestLista" name="testElimina" time="0.017"/>
  <testcase classname="mx.unam.ciencias.edd.test.TestLista" name="testMergeSort" time="0.017"/>
  <testcase classname="mx.unam.ciencias.edd.test.TestLista" name="testEsVacia" time="0.005"/>
  <testcase classname="mx.unam.ciencias.edd.test.TestLista" name="testEliminaPrimero" time="0.007"/>
  <testcase classname="mx.unam.ciencias.edd.test.TestLista" name="testIteradorHasNext" time="0.009"/>
  <testcase classname="mx.unam.ciencias.edd.test.TestLista" name="testBusquedaLineal" time="0.013"/>
  <testcase classname="mx.unam.ciencias.edd.test.TestLista" name="testGet" time="0.006"/>
  <testcase classname="mx.unam.ciencias.edd.test.TestLista" name="testAgregaInicio" time="0.003"/>
  <testcase classname="mx.unam.ciencias.edd.test.TestLista" name="testCopia" time="0.002"/>
  <testcase classname="mx.unam.ciencias.edd.test.TestLista" name="testToString" time="0.012"/>
  <testcase classname="mx.unam.ciencias.edd.test.TestLista" name="testIteradorStart" time="0.008"/>
  <testcase classname="mx.unam.ciencias.edd.test.TestLista" name="testGetLongitud" time="0.002"/>
  <testcase classname="mx.unam.ciencias.edd.test.TestLista" name="testEliminaUltimo" time="0.002"/>
  <testcase classname="mx.unam.ciencias.edd.test.TestLista" name="testGetPrimero" time="0"/>
  <testcase classname="mx.unam.ciencias.edd.test.TestLista" name="testContiene" time="0"/>
  <testcase classname="mx.unam.ciencias.edd.test.TestLista" name="testIteradorNext" time="0.001"/>
  <testcase classname="mx.unam.ciencias.edd.test.TestLista" name="testIteradorPrevious" time="0.005"/>
  <testcase classname="mx.unam.ciencias.edd.test.TestLista" name="testIteradorEnd" time="0.006"/>
  <testcase classname="mx.unam.ciencias.edd.test.TestLista" name="testBusquedaLinealLista" time="0.005"/>
  <testcase classname="mx.unam.ciencias.edd.test.TestLista" name="testMergeSortLista" time="0.011"/>
  <testcase classname="mx.unam.ciencias.edd.test.TestLista" name="testReversa" time="0.002"/>
  <testcase classname="mx.unam.ciencias.edd.test.TestLista" name="testGetElementos" time="0.004"/>
  <testcase classname="mx.unam.ciencias.edd.test.TestLista" name="testIteradorHasPrevious" time="0.001"/>
  <testcase classname="mx.unam.ciencias.edd.test.TestLista" name="testIndiceDe" time="0.003"/>
  <testcase classname="mx.unam.ciencias.edd.test.TestLista" name="testAgrega" time="0.003"/>
  <testcase classname="mx.unam.ciencias.edd.test.TestLista" name="testEquals" time="0.002"/>
  <testcase classname="mx.unam.ciencias.edd.test.TestLista" name="testLimpia" time="0.001"/>
  <testcase classname="mx.unam.ciencias.edd.test.TestLista" name="testGetUltimo" time="0.004"/>
  <testcase classname="mx.unam.ciencias.edd.test.TestLista" name="testInserta" time="0.011"/>
  <testcase classname="mx.unam.ciencias.edd.test.TestLista" name="testConstructor" time="0.006"/>
</testsuite>